<?xml version="1.0" encoding="UTF-8"?>
<testng-results skipped="0" failed="0" total="3" passed="3">
  <reporter-output>
  </reporter-output>
  <suite name="Default suite" duration-ms="79" started-at="2020-11-25T08:31:03Z" finished-at="2020-11-25T08:31:03Z">
    <groups>
    </groups>
    <test name="Default test" duration-ms="79" started-at="2020-11-25T08:31:03Z" finished-at="2020-11-25T08:31:03Z">
      <class name="com.qa.tests.LoginTest">
        <test-method status="PASS" signature="checkTest()[pri:0, instance:com.qa.tests.LoginTest@7921b0a2]" name="checkTest" duration-ms="27" started-at="2020-11-25T14:01:03Z" finished-at="2020-11-25T14:01:03Z">
          <reporter-output>
          </reporter-output>
        </test-method> <!-- checkTest -->
        <test-method status="PASS" signature="checkTest1()[pri:0, instance:com.qa.tests.LoginTest@7921b0a2]" name="checkTest1" duration-ms="4" started-at="2020-11-25T14:01:03Z" finished-at="2020-11-25T14:01:03Z">
          <reporter-output>
          </reporter-output>
        </test-method> <!-- checkTest1 -->
        <test-method status="PASS" signature="loginTest()[pri:0, instance:com.qa.tests.LoginTest@7921b0a2]" name="loginTest" duration-ms="4" started-at="2020-11-25T14:01:03Z" finished-at="2020-11-25T14:01:03Z">
          <reporter-output>
          </reporter-output>
        </test-method> <!-- loginTest -->
      </class> <!-- com.qa.tests.LoginTest -->
    </test> <!-- Default test -->
  </suite> <!-- Default suite -->
</testng-results>
